    OpenRGB v0.9+ (1.0rc2)
    Commit:  from 
    Launched: 20251123_150008
====================================================================================================

0     |Info:    [ProfileManager] Found file: Gatorade.orp attempting to validate header
0     |Info:    [ProfileManager] Valid v5 profile found for Gatorade
0     |Info:    [ProfileManager] Found file: Clown Shoes.orp attempting to validate header
0     |Info:    [ProfileManager] Valid v4 profile found for Clown Shoes
54    |Info:    [ResourceManager] Initializing HID interfaces: Success
54    |Info:    ------------------------------------------------------
54    |Info:    |               Start device detection               |
54    |Info:    ------------------------------------------------------
80    |Info:    ------------------------------------------------------
80    |Info:    |             Detecting I2C interfaces               |
80    |Info:    ------------------------------------------------------
80    |Info:    [ResourceManager] Registering I2C interface: /dev/i2c-3 Device 10DE:2486 Subsystem: 10DE:147A
80    |Info:    [ResourceManager] Registering I2C interface: /dev/i2c-1 Device 1022:790B Subsystem: 1462:7D53
80    |Info:    [ResourceManager] Registering I2C interface: /dev/i2c-6 Device 10DE:2486 Subsystem: 10DE:147A
80    |Info:    [ResourceManager] Registering I2C interface: /dev/i2c-4 Device 10DE:2486 Subsystem: 10DE:147A
80    |Info:    [ResourceManager] Registering I2C interface: /dev/i2c-2 Device 1022:790B Subsystem: 1462:7D53
80    |Info:    [ResourceManager] Registering I2C interface: /dev/i2c-0 Device 1022:790B Subsystem: 1462:7D53
80    |Info:    [ResourceManager] Registering I2C interface: /dev/i2c-7 Device 10DE:2486 Subsystem: 10DE:147A
81    |Info:    [ResourceManager] Registering I2C interface: /dev/i2c-5 Device 10DE:2486 Subsystem: 10DE:147A
81    |Info:    ------------------------------------------------------
81    |Info:    |               Detecting I2C devices                |
81    |Info:    ------------------------------------------------------
371   |Info:    [ENE DRAM] Registering RGB controller
552   |Info:    [ENE DRAM] Registering RGB controller
1394  |Info:    ------------------------------------------------------
1394  |Info:    |            Detecting I2C DIMM modules              |
1394  |Info:    ------------------------------------------------------
2263  |Info:    [ResourceManager] Detected occupied slot 3, bus 5, type DDR4
3546  |Info:    [ResourceManager] Detected occupied slot 4, bus 5, type DDR4
4574  |Info:    ------------------------------------------------------
4574  |Info:    |               Detecting I2C PCI devices            |
4574  |Info:    ------------------------------------------------------
4576  |Info:    ------------------------------------------------------
4576  |Info:    |               Detecting HID devices                |
4576  |Info:    ------------------------------------------------------
4628  |Info:    [Logitech G915 Wireless RGB Mechanical Gaming Keyboard] Registering RGB controller
4699  |Info:    [MSI MPG X570S EDGE MAX WIFI (MS-7D53)] Registering RGB controller
4710  |Info:    ------------------------------------------------------
4710  |Info:    |            Detecting libusb HID devices            |
4710  |Info:    ------------------------------------------------------
4791  |Info:    ------------------------------------------------------
4791  |Info:    |              Detecting other devices               |
4791  |Info:    ------------------------------------------------------
4839  |Info:    [ResourceManager] Calling Post-detection callbacks
4839  |Info:    ------------------------------------------------------
4839  |Info:    |                Detection completed                 |
4839  |Info:    ------------------------------------------------------
10255 |Info:    [ProfileManager] Profile loading: Succeeded for ENE DRAM @ I2C: /dev/i2c-0, address 0x72
10255 |Info:    [ProfileManager] Profile loading: Succeeded for ENE DRAM @ I2C: /dev/i2c-0, address 0x73
10255 |Info:    [ProfileManager] Profile loading: Succeeded for Logitech G915 Wireless RGB Mechanical Gaming Keyboard @ 
10255 |Info:    [ProfileManager] Profile loading: Succeeded for MSI MPG X570S EDGE MAX WIFI (MS-7D53) @ HID: /dev/hidraw0
107073|Info:    [ProfileManager] Profile loading: Succeeded for ENE DRAM @ I2C: /dev/i2c-0, address 0x72
107073|Info:    [ProfileManager] Profile loading: Succeeded for ENE DRAM @ I2C: /dev/i2c-0, address 0x73
107073|Info:    [ProfileManager] Profile loading: Succeeded for Logitech G915 Wireless RGB Mechanical Gaming Keyboard @ 
107073|Info:    [ProfileManager] Profile loading: Succeeded for MSI MPG X570S EDGE MAX WIFI (MS-7D53) @ HID: /dev/hidraw0
107326|Info:    [ProfileManager] Profile loading: Succeeded for ENE DRAM @ I2C: /dev/i2c-0, address 0x72
107326|Info:    [ProfileManager] Profile loading: Succeeded for ENE DRAM @ I2C: /dev/i2c-0, address 0x73
107326|Info:    [ProfileManager] Profile loading: Succeeded for Logitech G915 Wireless RGB Mechanical Gaming Keyboard @ 
107326|Info:    [ProfileManager] Profile loading: Succeeded for MSI MPG X570S EDGE MAX WIFI (MS-7D53) @ HID: /dev/hidraw0
