    OpenRGB v0.9+ (1.0rc2)
    Commit:  from 
    Launched: 20251125_133915
====================================================================================================

0     |Info:    [ProfileManager] Found file: Gatorade.orp attempting to validate header
0     |Info:    [ProfileManager] Valid v5 profile found for Gatorade
0     |Info:    [ProfileManager] Found file: Clown Shoes.orp attempting to validate header
0     |Info:    [ProfileManager] Valid v4 profile found for Clown Shoes
55    |Info:    [ResourceManager] Initializing HID interfaces: Success
55    |Info:    ------------------------------------------------------
55    |Info:    |               Start device detection               |
55    |Info:    ------------------------------------------------------
73    |Info:    ------------------------------------------------------
73    |Info:    |             Detecting I2C interfaces               |
73    |Info:    ------------------------------------------------------
73    |Info:    [ResourceManager] Registering I2C interface: /dev/i2c-3 Device 10DE:2486 Subsystem: 10DE:147A
73    |Info:    [ResourceManager] Registering I2C interface: /dev/i2c-1 Device 1022:790B Subsystem: 1462:7D53
73    |Info:    [ResourceManager] Registering I2C interface: /dev/i2c-6 Device 10DE:2486 Subsystem: 10DE:147A
73    |Info:    [ResourceManager] Registering I2C interface: /dev/i2c-4 Device 10DE:2486 Subsystem: 10DE:147A
74    |Info:    [ResourceManager] Registering I2C interface: /dev/i2c-2 Device 1022:790B Subsystem: 1462:7D53
74    |Info:    [ResourceManager] Registering I2C interface: /dev/i2c-0 Device 1022:790B Subsystem: 1462:7D53
74    |Info:    [ResourceManager] Registering I2C interface: /dev/i2c-7 Device 10DE:2486 Subsystem: 10DE:147A
74    |Info:    [ResourceManager] Registering I2C interface: /dev/i2c-5 Device 10DE:2486 Subsystem: 10DE:147A
74    |Info:    ------------------------------------------------------
74    |Info:    |               Detecting I2C devices                |
74    |Info:    ------------------------------------------------------
394   |Info:    [ENE DRAM] Registering RGB controller
585   |Info:    [ENE DRAM] Registering RGB controller
1428  |Info:    ------------------------------------------------------
1428  |Info:    |            Detecting I2C DIMM modules              |
1428  |Info:    ------------------------------------------------------
2301  |Info:    [ResourceManager] Detected occupied slot 3, bus 5, type DDR4
3587  |Info:    [ResourceManager] Detected occupied slot 4, bus 5, type DDR4
4620  |Info:    ------------------------------------------------------
4620  |Info:    |               Detecting I2C PCI devices            |
4620  |Info:    ------------------------------------------------------
4621  |Info:    ------------------------------------------------------
4621  |Info:    |               Detecting HID devices                |
4621  |Info:    ------------------------------------------------------
4673  |Info:    [Logitech G915 Wireless RGB Mechanical Gaming Keyboard] Registering RGB controller
4743  |Info:    [MSI MPG X570S EDGE MAX WIFI (MS-7D53)] Registering RGB controller
4743  |Info:    ------------------------------------------------------
4743  |Info:    |            Detecting libusb HID devices            |
4743  |Info:    ------------------------------------------------------
4807  |Info:    ------------------------------------------------------
4807  |Info:    |              Detecting other devices               |
4807  |Info:    ------------------------------------------------------
4850  |Info:    [ResourceManager] Calling Post-detection callbacks
4850  |Info:    ------------------------------------------------------
4850  |Info:    |                Detection completed                 |
4850  |Info:    ------------------------------------------------------
4850  |Info:    [ProfileManager] Profile loading: Succeeded for ENE DRAM @ I2C: /dev/i2c-0, address 0x72
4850  |Info:    [ProfileManager] Profile loading: Succeeded for ENE DRAM @ I2C: /dev/i2c-0, address 0x73
4850  |Info:    [ProfileManager] Profile loading: Succeeded for Logitech G915 Wireless RGB Mechanical Gaming Keyboard @ 
4850  |Info:    [ProfileManager] Profile loading: Succeeded for MSI MPG X570S EDGE MAX WIFI (MS-7D53) @ HID: /dev/hidraw0
20195 |Info:    [ProfileManager] Profile loading: Succeeded for ENE DRAM @ I2C: /dev/i2c-0, address 0x72
20197 |Info:    [ProfileManager] Profile loading: Succeeded for ENE DRAM @ I2C: /dev/i2c-0, address 0x73
20197 |Info:    [ProfileManager] Profile loading: Succeeded for Logitech G915 Wireless RGB Mechanical Gaming Keyboard @ 
20197 |Info:    [ProfileManager] Profile loading: Succeeded for MSI MPG X570S EDGE MAX WIFI (MS-7D53) @ HID: /dev/hidraw0
