    OpenRGB v0.9+ (1.0rc2)
    Commit:  from 
    Launched: 20251123_153709
====================================================================================================

0     |Info:    [ProfileManager] Found file: Gatorade.orp attempting to validate header
0     |Info:    [ProfileManager] Valid v5 profile found for Gatorade
0     |Info:    [ProfileManager] Found file: Clown Shoes.orp attempting to validate header
0     |Info:    [ProfileManager] Valid v4 profile found for Clown Shoes
55    |Info:    [ResourceManager] Initializing HID interfaces: Success
55    |Info:    ------------------------------------------------------
55    |Info:    |               Start device detection               |
55    |Info:    ------------------------------------------------------
87    |Info:    ------------------------------------------------------
87    |Info:    |             Detecting I2C interfaces               |
87    |Info:    ------------------------------------------------------
87    |Info:    [ResourceManager] Registering I2C interface: /dev/i2c-3 Device 10DE:2486 Subsystem: 10DE:147A
87    |Info:    [ResourceManager] Registering I2C interface: /dev/i2c-1 Device 1022:790B Subsystem: 1462:7D53
87    |Info:    [ResourceManager] Registering I2C interface: /dev/i2c-6 Device 10DE:2486 Subsystem: 10DE:147A
87    |Info:    [ResourceManager] Registering I2C interface: /dev/i2c-4 Device 10DE:2486 Subsystem: 10DE:147A
88    |Info:    [ResourceManager] Registering I2C interface: /dev/i2c-2 Device 1022:790B Subsystem: 1462:7D53
88    |Info:    [ResourceManager] Registering I2C interface: /dev/i2c-0 Device 1022:790B Subsystem: 1462:7D53
88    |Info:    [ResourceManager] Registering I2C interface: /dev/i2c-7 Device 10DE:2486 Subsystem: 10DE:147A
88    |Info:    [ResourceManager] Registering I2C interface: /dev/i2c-5 Device 10DE:2486 Subsystem: 10DE:147A
88    |Info:    ------------------------------------------------------
88    |Info:    |               Detecting I2C devices                |
88    |Info:    ------------------------------------------------------
375   |Info:    [ENE DRAM] Registering RGB controller
553   |Info:    [ENE DRAM] Registering RGB controller
1392  |Info:    ------------------------------------------------------
1392  |Info:    |            Detecting I2C DIMM modules              |
1392  |Info:    ------------------------------------------------------
2260  |Info:    [ResourceManager] Detected occupied slot 3, bus 5, type DDR4
3545  |Info:    [ResourceManager] Detected occupied slot 4, bus 5, type DDR4
4575  |Info:    ------------------------------------------------------
4575  |Info:    |               Detecting I2C PCI devices            |
4575  |Info:    ------------------------------------------------------
4576  |Info:    ------------------------------------------------------
4576  |Info:    |               Detecting HID devices                |
4576  |Info:    ------------------------------------------------------
4629  |Info:    [Logitech G915 Wireless RGB Mechanical Gaming Keyboard] Registering RGB controller
4698  |Info:    [MSI MPG X570S EDGE MAX WIFI (MS-7D53)] Registering RGB controller
4698  |Info:    ------------------------------------------------------
4698  |Info:    |            Detecting libusb HID devices            |
4698  |Info:    ------------------------------------------------------
4780  |Info:    ------------------------------------------------------
4780  |Info:    |              Detecting other devices               |
4780  |Info:    ------------------------------------------------------
4825  |Info:    [ResourceManager] Calling Post-detection callbacks
4825  |Info:    ------------------------------------------------------
4825  |Info:    |                Detection completed                 |
4825  |Info:    ------------------------------------------------------
4826  |Info:    [ProfileManager] Profile loading: Succeeded for ENE DRAM @ I2C: /dev/i2c-0, address 0x72
4826  |Info:    [ProfileManager] Profile loading: Succeeded for ENE DRAM @ I2C: /dev/i2c-0, address 0x73
4826  |Info:    [ProfileManager] Profile loading: Succeeded for Logitech G915 Wireless RGB Mechanical Gaming Keyboard @ 
4826  |Info:    [ProfileManager] Profile loading: Succeeded for MSI MPG X570S EDGE MAX WIFI (MS-7D53) @ HID: /dev/hidraw0
2131682|Info:    [ProfileManager] Profile loading: Succeeded for ENE DRAM @ I2C: /dev/i2c-0, address 0x72
2131682|Info:    [ProfileManager] Profile loading: Succeeded for ENE DRAM @ I2C: /dev/i2c-0, address 0x73
2131682|Info:    [ProfileManager] Profile loading: Succeeded for Logitech G915 Wireless RGB Mechanical Gaming Keyboard @ 
2131682|Info:    [ProfileManager] Profile loading: Succeeded for MSI MPG X570S EDGE MAX WIFI (MS-7D53) @ HID: /dev/hidraw0
