    OpenRGB v0.9+ (1.0rc2)
    Commit:  from 
    Launched: 20251123_214522
====================================================================================================

0     |Info:    [ProfileManager] Found file: Gatorade.orp attempting to validate header
0     |Info:    [ProfileManager] Valid v5 profile found for Gatorade
0     |Info:    [ProfileManager] Found file: Clown Shoes.orp attempting to validate header
0     |Info:    [ProfileManager] Valid v4 profile found for Clown Shoes
55    |Info:    [ResourceManager] Initializing HID interfaces: Success
55    |Info:    ------------------------------------------------------
56    |Info:    |               Start device detection               |
56    |Info:    ------------------------------------------------------
73    |Info:    ------------------------------------------------------
74    |Info:    |             Detecting I2C interfaces               |
74    |Info:    ------------------------------------------------------
74    |Info:    [ResourceManager] Registering I2C interface: /dev/i2c-3 Device 10DE:2486 Subsystem: 10DE:147A
74    |Info:    [ResourceManager] Registering I2C interface: /dev/i2c-1 Device 1022:790B Subsystem: 1462:7D53
74    |Info:    [ResourceManager] Registering I2C interface: /dev/i2c-6 Device 10DE:2486 Subsystem: 10DE:147A
74    |Info:    [ResourceManager] Registering I2C interface: /dev/i2c-4 Device 10DE:2486 Subsystem: 10DE:147A
74    |Info:    [ResourceManager] Registering I2C interface: /dev/i2c-2 Device 1022:790B Subsystem: 1462:7D53
74    |Info:    [ResourceManager] Registering I2C interface: /dev/i2c-0 Device 1022:790B Subsystem: 1462:7D53
74    |Info:    [ResourceManager] Registering I2C interface: /dev/i2c-7 Device 10DE:2486 Subsystem: 10DE:147A
74    |Info:    [ResourceManager] Registering I2C interface: /dev/i2c-5 Device 10DE:2486 Subsystem: 10DE:147A
74    |Info:    ------------------------------------------------------
74    |Info:    |               Detecting I2C devices                |
74    |Info:    ------------------------------------------------------
368   |Info:    [ENE DRAM] Registering RGB controller
546   |Info:    [ENE DRAM] Registering RGB controller
1387  |Info:    ------------------------------------------------------
1387  |Info:    |            Detecting I2C DIMM modules              |
1387  |Info:    ------------------------------------------------------
2257  |Info:    [ResourceManager] Detected occupied slot 3, bus 5, type DDR4
3542  |Info:    [ResourceManager] Detected occupied slot 4, bus 5, type DDR4
4573  |Info:    ------------------------------------------------------
4573  |Info:    |               Detecting I2C PCI devices            |
4573  |Info:    ------------------------------------------------------
4574  |Info:    ------------------------------------------------------
4574  |Info:    |               Detecting HID devices                |
4574  |Info:    ------------------------------------------------------
4626  |Info:    [Logitech G915 Wireless RGB Mechanical Gaming Keyboard] Registering RGB controller
4694  |Info:    [MSI MPG X570S EDGE MAX WIFI (MS-7D53)] Registering RGB controller
4694  |Info:    ------------------------------------------------------
4694  |Info:    |            Detecting libusb HID devices            |
4694  |Info:    ------------------------------------------------------
4765  |Info:    ------------------------------------------------------
4765  |Info:    |              Detecting other devices               |
4765  |Info:    ------------------------------------------------------
4797  |Info:    [ResourceManager] Calling Post-detection callbacks
4797  |Info:    ------------------------------------------------------
4797  |Info:    |                Detection completed                 |
4797  |Info:    ------------------------------------------------------
4797  |Info:    [ProfileManager] Profile loading: Succeeded for ENE DRAM @ I2C: /dev/i2c-0, address 0x72
4797  |Info:    [ProfileManager] Profile loading: Succeeded for ENE DRAM @ I2C: /dev/i2c-0, address 0x73
4797  |Info:    [ProfileManager] Profile loading: Succeeded for Logitech G915 Wireless RGB Mechanical Gaming Keyboard @ 
4797  |Info:    [ProfileManager] Profile loading: Succeeded for MSI MPG X570S EDGE MAX WIFI (MS-7D53) @ HID: /dev/hidraw0
368622|Info:    [ProfileManager] Profile loading: Succeeded for ENE DRAM @ I2C: /dev/i2c-0, address 0x72
368622|Info:    [ProfileManager] Profile loading: Succeeded for ENE DRAM @ I2C: /dev/i2c-0, address 0x73
368622|Info:    [ProfileManager] Profile loading: Succeeded for Logitech G915 Wireless RGB Mechanical Gaming Keyboard @ 
368622|Info:    [ProfileManager] Profile loading: Succeeded for MSI MPG X570S EDGE MAX WIFI (MS-7D53) @ HID: /dev/hidraw0
