    OpenRGB v0.9+ (1.0rc2)
    Commit:  from 
    Launched: 20251123_165546
====================================================================================================

0     |Info:    [ProfileManager] Found file: Gatorade.orp attempting to validate header
0     |Info:    [ProfileManager] Valid v5 profile found for Gatorade
0     |Info:    [ProfileManager] Found file: Clown Shoes.orp attempting to validate header
0     |Info:    [ProfileManager] Valid v4 profile found for Clown Shoes
56    |Info:    [ResourceManager] Initializing HID interfaces: Success
56    |Info:    ------------------------------------------------------
56    |Info:    |               Start device detection               |
56    |Info:    ------------------------------------------------------
88    |Info:    ------------------------------------------------------
88    |Info:    |             Detecting I2C interfaces               |
88    |Info:    ------------------------------------------------------
88    |Info:    [ResourceManager] Registering I2C interface: /dev/i2c-3 Device 10DE:2486 Subsystem: 10DE:147A
88    |Info:    [ResourceManager] Registering I2C interface: /dev/i2c-1 Device 1022:790B Subsystem: 1462:7D53
89    |Info:    [ResourceManager] Registering I2C interface: /dev/i2c-6 Device 10DE:2486 Subsystem: 10DE:147A
89    |Info:    [ResourceManager] Registering I2C interface: /dev/i2c-4 Device 10DE:2486 Subsystem: 10DE:147A
89    |Info:    [ResourceManager] Registering I2C interface: /dev/i2c-2 Device 1022:790B Subsystem: 1462:7D53
89    |Info:    [ResourceManager] Registering I2C interface: /dev/i2c-0 Device 1022:790B Subsystem: 1462:7D53
89    |Info:    [ResourceManager] Registering I2C interface: /dev/i2c-7 Device 10DE:2486 Subsystem: 10DE:147A
89    |Info:    [ResourceManager] Registering I2C interface: /dev/i2c-5 Device 10DE:2486 Subsystem: 10DE:147A
89    |Info:    ------------------------------------------------------
89    |Info:    |               Detecting I2C devices                |
89    |Info:    ------------------------------------------------------
383   |Info:    [ENE DRAM] Registering RGB controller
569   |Info:    [ENE DRAM] Registering RGB controller
1412  |Info:    ------------------------------------------------------
1412  |Info:    |            Detecting I2C DIMM modules              |
1412  |Info:    ------------------------------------------------------
2282  |Info:    [ResourceManager] Detected occupied slot 3, bus 5, type DDR4
3563  |Info:    [ResourceManager] Detected occupied slot 4, bus 5, type DDR4
4590  |Info:    ------------------------------------------------------
4590  |Info:    |               Detecting I2C PCI devices            |
4590  |Info:    ------------------------------------------------------
4592  |Info:    ------------------------------------------------------
4592  |Info:    |               Detecting HID devices                |
4592  |Info:    ------------------------------------------------------
4644  |Info:    [Logitech G915 Wireless RGB Mechanical Gaming Keyboard] Registering RGB controller
4712  |Info:    [MSI MPG X570S EDGE MAX WIFI (MS-7D53)] Registering RGB controller
4712  |Info:    ------------------------------------------------------
4712  |Info:    |            Detecting libusb HID devices            |
4712  |Info:    ------------------------------------------------------
4786  |Info:    ------------------------------------------------------
4786  |Info:    |              Detecting other devices               |
4786  |Info:    ------------------------------------------------------
4826  |Info:    [ResourceManager] Calling Post-detection callbacks
4826  |Info:    ------------------------------------------------------
4826  |Info:    |                Detection completed                 |
4826  |Info:    ------------------------------------------------------
4827  |Info:    [ProfileManager] Profile loading: Succeeded for ENE DRAM @ I2C: /dev/i2c-0, address 0x72
4827  |Info:    [ProfileManager] Profile loading: Succeeded for ENE DRAM @ I2C: /dev/i2c-0, address 0x73
4827  |Info:    [ProfileManager] Profile loading: Succeeded for Logitech G915 Wireless RGB Mechanical Gaming Keyboard @ 
4827  |Info:    [ProfileManager] Profile loading: Succeeded for MSI MPG X570S EDGE MAX WIFI (MS-7D53) @ HID: /dev/hidraw0
878477|Info:    [ProfileManager] Profile loading: Succeeded for ENE DRAM @ I2C: /dev/i2c-0, address 0x72
878477|Info:    [ProfileManager] Profile loading: Succeeded for ENE DRAM @ I2C: /dev/i2c-0, address 0x73
878477|Info:    [ProfileManager] Profile loading: Succeeded for Logitech G915 Wireless RGB Mechanical Gaming Keyboard @ 
878477|Info:    [ProfileManager] Profile loading: Succeeded for MSI MPG X570S EDGE MAX WIFI (MS-7D53) @ HID: /dev/hidraw0
