    OpenRGB v0.9+ (1.0rc2)
    Commit:  from 
    Launched: 20251124_185513
====================================================================================================

0     |Info:    [ProfileManager] Found file: Gatorade.orp attempting to validate header
0     |Info:    [ProfileManager] Valid v5 profile found for Gatorade
0     |Info:    [ProfileManager] Found file: Clown Shoes.orp attempting to validate header
1     |Info:    [ProfileManager] Valid v4 profile found for Clown Shoes
56    |Info:    [ResourceManager] Initializing HID interfaces: Success
56    |Info:    ------------------------------------------------------
56    |Info:    |               Start device detection               |
56    |Info:    ------------------------------------------------------
74    |Info:    ------------------------------------------------------
74    |Info:    |             Detecting I2C interfaces               |
74    |Info:    ------------------------------------------------------
75    |Info:    [ResourceManager] Registering I2C interface: /dev/i2c-3 Device 10DE:2486 Subsystem: 10DE:147A
75    |Info:    [ResourceManager] Registering I2C interface: /dev/i2c-1 Device 1022:790B Subsystem: 1462:7D53
75    |Info:    [ResourceManager] Registering I2C interface: /dev/i2c-6 Device 10DE:2486 Subsystem: 10DE:147A
75    |Info:    [ResourceManager] Registering I2C interface: /dev/i2c-4 Device 10DE:2486 Subsystem: 10DE:147A
75    |Info:    [ResourceManager] Registering I2C interface: /dev/i2c-2 Device 1022:790B Subsystem: 1462:7D53
75    |Info:    [ResourceManager] Registering I2C interface: /dev/i2c-0 Device 1022:790B Subsystem: 1462:7D53
75    |Info:    [ResourceManager] Registering I2C interface: /dev/i2c-7 Device 10DE:2486 Subsystem: 10DE:147A
76    |Info:    [ResourceManager] Registering I2C interface: /dev/i2c-5 Device 10DE:2486 Subsystem: 10DE:147A
76    |Info:    ------------------------------------------------------
76    |Info:    |               Detecting I2C devices                |
76    |Info:    ------------------------------------------------------
387   |Info:    [ENE DRAM] Registering RGB controller
574   |Info:    [ENE DRAM] Registering RGB controller
1418  |Info:    ------------------------------------------------------
1418  |Info:    |            Detecting I2C DIMM modules              |
1418  |Info:    ------------------------------------------------------
2278  |Info:    [ResourceManager] Detected occupied slot 3, bus 5, type DDR4
3561  |Info:    [ResourceManager] Detected occupied slot 4, bus 5, type DDR4
4586  |Info:    ------------------------------------------------------
4586  |Info:    |               Detecting I2C PCI devices            |
4586  |Info:    ------------------------------------------------------
4588  |Info:    ------------------------------------------------------
4588  |Info:    |               Detecting HID devices                |
4588  |Info:    ------------------------------------------------------
4641  |Info:    [Logitech G915 Wireless RGB Mechanical Gaming Keyboard] Registering RGB controller
4713  |Info:    [MSI MPG X570S EDGE MAX WIFI (MS-7D53)] Registering RGB controller
4713  |Info:    ------------------------------------------------------
4713  |Info:    |            Detecting libusb HID devices            |
4713  |Info:    ------------------------------------------------------
4776  |Info:    ------------------------------------------------------
4776  |Info:    |              Detecting other devices               |
4776  |Info:    ------------------------------------------------------
4818  |Info:    [ResourceManager] Calling Post-detection callbacks
4818  |Info:    ------------------------------------------------------
4818  |Info:    |                Detection completed                 |
4818  |Info:    ------------------------------------------------------
4819  |Info:    [ProfileManager] Profile loading: Succeeded for ENE DRAM @ I2C: /dev/i2c-0, address 0x72
4819  |Info:    [ProfileManager] Profile loading: Succeeded for ENE DRAM @ I2C: /dev/i2c-0, address 0x73
4819  |Info:    [ProfileManager] Profile loading: Succeeded for Logitech G915 Wireless RGB Mechanical Gaming Keyboard @ 
4819  |Info:    [ProfileManager] Profile loading: Succeeded for MSI MPG X570S EDGE MAX WIFI (MS-7D53) @ HID: /dev/hidraw0
4195921|Info:    [ProfileManager] Profile loading: Succeeded for ENE DRAM @ I2C: /dev/i2c-0, address 0x72
4195921|Info:    [ProfileManager] Profile loading: Succeeded for ENE DRAM @ I2C: /dev/i2c-0, address 0x73
4195921|Info:    [ProfileManager] Profile loading: Succeeded for Logitech G915 Wireless RGB Mechanical Gaming Keyboard @ 
4195921|Info:    [ProfileManager] Profile loading: Succeeded for MSI MPG X570S EDGE MAX WIFI (MS-7D53) @ HID: /dev/hidraw0
