    OpenRGB v0.9+ (1.0rc2)
    Commit:  from 
    Launched: 20251123_161335
====================================================================================================

0     |Info:    [ProfileManager] Found file: Gatorade.orp attempting to validate header
0     |Info:    [ProfileManager] Valid v5 profile found for Gatorade
0     |Info:    [ProfileManager] Found file: Clown Shoes.orp attempting to validate header
0     |Info:    [ProfileManager] Valid v4 profile found for Clown Shoes
55    |Info:    [ResourceManager] Initializing HID interfaces: Success
55    |Info:    ------------------------------------------------------
55    |Info:    |               Start device detection               |
55    |Info:    ------------------------------------------------------
85    |Info:    ------------------------------------------------------
85    |Info:    |             Detecting I2C interfaces               |
85    |Info:    ------------------------------------------------------
85    |Info:    [ResourceManager] Registering I2C interface: /dev/i2c-3 Device 10DE:2486 Subsystem: 10DE:147A
85    |Info:    [ResourceManager] Registering I2C interface: /dev/i2c-1 Device 1022:790B Subsystem: 1462:7D53
85    |Info:    [ResourceManager] Registering I2C interface: /dev/i2c-6 Device 10DE:2486 Subsystem: 10DE:147A
85    |Info:    [ResourceManager] Registering I2C interface: /dev/i2c-4 Device 10DE:2486 Subsystem: 10DE:147A
85    |Info:    [ResourceManager] Registering I2C interface: /dev/i2c-2 Device 1022:790B Subsystem: 1462:7D53
86    |Info:    [ResourceManager] Registering I2C interface: /dev/i2c-0 Device 1022:790B Subsystem: 1462:7D53
86    |Info:    [ResourceManager] Registering I2C interface: /dev/i2c-7 Device 10DE:2486 Subsystem: 10DE:147A
86    |Info:    [ResourceManager] Registering I2C interface: /dev/i2c-5 Device 10DE:2486 Subsystem: 10DE:147A
86    |Info:    ------------------------------------------------------
86    |Info:    |               Detecting I2C devices                |
86    |Info:    ------------------------------------------------------
364   |Info:    [ENE DRAM] Registering RGB controller
543   |Info:    [ENE DRAM] Registering RGB controller
1380  |Info:    ------------------------------------------------------
1380  |Info:    |            Detecting I2C DIMM modules              |
1380  |Info:    ------------------------------------------------------
2245  |Info:    [ResourceManager] Detected occupied slot 3, bus 5, type DDR4
3529  |Info:    [ResourceManager] Detected occupied slot 4, bus 5, type DDR4
4559  |Info:    ------------------------------------------------------
4559  |Info:    |               Detecting I2C PCI devices            |
4559  |Info:    ------------------------------------------------------
4561  |Info:    ------------------------------------------------------
4561  |Info:    |               Detecting HID devices                |
4561  |Info:    ------------------------------------------------------
4612  |Info:    [Logitech G915 Wireless RGB Mechanical Gaming Keyboard] Registering RGB controller
4684  |Info:    [MSI MPG X570S EDGE MAX WIFI (MS-7D53)] Registering RGB controller
4684  |Info:    ------------------------------------------------------
4684  |Info:    |            Detecting libusb HID devices            |
4684  |Info:    ------------------------------------------------------
4766  |Info:    ------------------------------------------------------
4766  |Info:    |              Detecting other devices               |
4766  |Info:    ------------------------------------------------------
4812  |Info:    [ResourceManager] Calling Post-detection callbacks
4812  |Info:    ------------------------------------------------------
4812  |Info:    |                Detection completed                 |
4812  |Info:    ------------------------------------------------------
4813  |Info:    [ProfileManager] Profile loading: Succeeded for ENE DRAM @ I2C: /dev/i2c-0, address 0x72
4813  |Info:    [ProfileManager] Profile loading: Succeeded for ENE DRAM @ I2C: /dev/i2c-0, address 0x73
4813  |Info:    [ProfileManager] Profile loading: Succeeded for Logitech G915 Wireless RGB Mechanical Gaming Keyboard @ 
4813  |Info:    [ProfileManager] Profile loading: Succeeded for MSI MPG X570S EDGE MAX WIFI (MS-7D53) @ HID: /dev/hidraw0
1710118|Info:    [ProfileManager] Profile loading: Succeeded for ENE DRAM @ I2C: /dev/i2c-0, address 0x72
1710118|Info:    [ProfileManager] Profile loading: Succeeded for ENE DRAM @ I2C: /dev/i2c-0, address 0x73
1710118|Info:    [ProfileManager] Profile loading: Succeeded for Logitech G915 Wireless RGB Mechanical Gaming Keyboard @ 
1710118|Info:    [ProfileManager] Profile loading: Succeeded for MSI MPG X570S EDGE MAX WIFI (MS-7D53) @ HID: /dev/hidraw0
