    OpenRGB v0.9+ (1.0rc2)
    Commit:  from 
    Launched: 20251129_085734
====================================================================================================

0     |Info:    [ProfileManager] Found file: Gatorade.orp attempting to validate header
0     |Info:    [ProfileManager] Valid v5 profile found for Gatorade
0     |Info:    [ProfileManager] Found file: Clown Shoes.orp attempting to validate header
0     |Info:    [ProfileManager] Valid v4 profile found for Clown Shoes
63    |Info:    [ResourceManager] Initializing HID interfaces: Success
63    |Info:    ------------------------------------------------------
63    |Info:    |               Start device detection               |
63    |Info:    ------------------------------------------------------
100   |Info:    ------------------------------------------------------
100   |Info:    |             Detecting I2C interfaces               |
100   |Info:    ------------------------------------------------------
100   |Info:    [ResourceManager] Registering I2C interface: /dev/i2c-3 Device 10DE:2486 Subsystem: 10DE:147A
100   |Info:    [ResourceManager] Registering I2C interface: /dev/i2c-1 Device 1022:790B Subsystem: 1462:7D53
100   |Info:    [ResourceManager] Registering I2C interface: /dev/i2c-6 Device 10DE:2486 Subsystem: 10DE:147A
100   |Info:    [ResourceManager] Registering I2C interface: /dev/i2c-4 Device 10DE:2486 Subsystem: 10DE:147A
100   |Info:    [ResourceManager] Registering I2C interface: /dev/i2c-2 Device 1022:790B Subsystem: 1462:7D53
100   |Info:    [ResourceManager] Registering I2C interface: /dev/i2c-0 Device 1022:790B Subsystem: 1462:7D53
101   |Info:    [ResourceManager] Registering I2C interface: /dev/i2c-7 Device 10DE:2486 Subsystem: 10DE:147A
101   |Info:    [ResourceManager] Registering I2C interface: /dev/i2c-5 Device 10DE:2486 Subsystem: 10DE:147A
101   |Info:    ------------------------------------------------------
101   |Info:    |               Detecting I2C devices                |
101   |Info:    ------------------------------------------------------
418   |Info:    [ENE DRAM] Registering RGB controller
616   |Info:    [ENE DRAM] Registering RGB controller
1486  |Info:    ------------------------------------------------------
1486  |Info:    |            Detecting I2C DIMM modules              |
1486  |Info:    ------------------------------------------------------
2388  |Info:    [ResourceManager] Detected occupied slot 3, bus 5, type DDR4
3690  |Info:    [ResourceManager] Detected occupied slot 4, bus 5, type DDR4
4731  |Info:    ------------------------------------------------------
4731  |Info:    |               Detecting I2C PCI devices            |
4731  |Info:    ------------------------------------------------------
4733  |Info:    ------------------------------------------------------
4733  |Info:    |               Detecting HID devices                |
4733  |Info:    ------------------------------------------------------
4786  |Info:    [Logitech G915 Wireless RGB Mechanical Gaming Keyboard] Registering RGB controller
4859  |Info:    [MSI MPG X570S EDGE MAX WIFI (MS-7D53)] Registering RGB controller
4859  |Info:    ------------------------------------------------------
4859  |Info:    |            Detecting libusb HID devices            |
4859  |Info:    ------------------------------------------------------
4933  |Info:    ------------------------------------------------------
4933  |Info:    |              Detecting other devices               |
4933  |Info:    ------------------------------------------------------
4969  |Info:    [ResourceManager] Calling Post-detection callbacks
4969  |Info:    ------------------------------------------------------
4969  |Info:    |                Detection completed                 |
4969  |Info:    ------------------------------------------------------
