    OpenRGB v0.9+ (1.0rc2)
    Commit:  from 
    Launched: 20251123_171033
====================================================================================================

0     |Info:    [ProfileManager] Found file: Gatorade.orp attempting to validate header
0     |Info:    [ProfileManager] Valid v5 profile found for Gatorade
0     |Info:    [ProfileManager] Found file: Clown Shoes.orp attempting to validate header
0     |Info:    [ProfileManager] Valid v4 profile found for Clown Shoes
54    |Info:    [ResourceManager] Initializing HID interfaces: Success
54    |Info:    ------------------------------------------------------
54    |Info:    |               Start device detection               |
54    |Info:    ------------------------------------------------------
84    |Info:    ------------------------------------------------------
84    |Info:    |             Detecting I2C interfaces               |
84    |Info:    ------------------------------------------------------
84    |Info:    [ResourceManager] Registering I2C interface: /dev/i2c-3 Device 10DE:2486 Subsystem: 10DE:147A
84    |Info:    [ResourceManager] Registering I2C interface: /dev/i2c-1 Device 1022:790B Subsystem: 1462:7D53
84    |Info:    [ResourceManager] Registering I2C interface: /dev/i2c-6 Device 10DE:2486 Subsystem: 10DE:147A
84    |Info:    [ResourceManager] Registering I2C interface: /dev/i2c-4 Device 10DE:2486 Subsystem: 10DE:147A
84    |Info:    [ResourceManager] Registering I2C interface: /dev/i2c-2 Device 1022:790B Subsystem: 1462:7D53
85    |Info:    [ResourceManager] Registering I2C interface: /dev/i2c-0 Device 1022:790B Subsystem: 1462:7D53
85    |Info:    [ResourceManager] Registering I2C interface: /dev/i2c-7 Device 10DE:2486 Subsystem: 10DE:147A
85    |Info:    [ResourceManager] Registering I2C interface: /dev/i2c-5 Device 10DE:2486 Subsystem: 10DE:147A
85    |Info:    ------------------------------------------------------
85    |Info:    |               Detecting I2C devices                |
85    |Info:    ------------------------------------------------------
381   |Info:    [ENE DRAM] Registering RGB controller
576   |Info:    [ENE DRAM] Registering RGB controller
1419  |Info:    ------------------------------------------------------
1419  |Info:    |            Detecting I2C DIMM modules              |
1419  |Info:    ------------------------------------------------------
2286  |Info:    [ResourceManager] Detected occupied slot 3, bus 5, type DDR4
3570  |Info:    [ResourceManager] Detected occupied slot 4, bus 5, type DDR4
4601  |Info:    ------------------------------------------------------
4601  |Info:    |               Detecting I2C PCI devices            |
4601  |Info:    ------------------------------------------------------
4603  |Info:    ------------------------------------------------------
4603  |Info:    |               Detecting HID devices                |
4603  |Info:    ------------------------------------------------------
4655  |Info:    [Logitech G915 Wireless RGB Mechanical Gaming Keyboard] Registering RGB controller
4725  |Info:    [MSI MPG X570S EDGE MAX WIFI (MS-7D53)] Registering RGB controller
4725  |Info:    ------------------------------------------------------
4725  |Info:    |            Detecting libusb HID devices            |
4725  |Info:    ------------------------------------------------------
4796  |Info:    ------------------------------------------------------
4796  |Info:    |              Detecting other devices               |
4796  |Info:    ------------------------------------------------------
4836  |Info:    [ResourceManager] Calling Post-detection callbacks
4836  |Info:    ------------------------------------------------------
4836  |Info:    |                Detection completed                 |
4836  |Info:    ------------------------------------------------------
4836  |Info:    [ProfileManager] Profile loading: Succeeded for ENE DRAM @ I2C: /dev/i2c-0, address 0x72
4836  |Info:    [ProfileManager] Profile loading: Succeeded for ENE DRAM @ I2C: /dev/i2c-0, address 0x73
4836  |Info:    [ProfileManager] Profile loading: Succeeded for Logitech G915 Wireless RGB Mechanical Gaming Keyboard @ 
4836  |Info:    [ProfileManager] Profile loading: Succeeded for MSI MPG X570S EDGE MAX WIFI (MS-7D53) @ HID: /dev/hidraw0
1726877|Info:    [ProfileManager] Profile loading: Succeeded for ENE DRAM @ I2C: /dev/i2c-0, address 0x72
1726877|Info:    [ProfileManager] Profile loading: Succeeded for ENE DRAM @ I2C: /dev/i2c-0, address 0x73
1726877|Info:    [ProfileManager] Profile loading: Succeeded for Logitech G915 Wireless RGB Mechanical Gaming Keyboard @ 
1726877|Info:    [ProfileManager] Profile loading: Succeeded for MSI MPG X570S EDGE MAX WIFI (MS-7D53) @ HID: /dev/hidraw0
