    OpenRGB v0.9+ (1.0rc2)
    Commit:  from 
    Launched: 20251129_132042
====================================================================================================

0     |Info:    [ProfileManager] Found file: Gatorade.orp attempting to validate header
0     |Info:    [ProfileManager] Valid v5 profile found for Gatorade
0     |Info:    [ProfileManager] Found file: Clown Shoes.orp attempting to validate header
1     |Info:    [ProfileManager] Valid v4 profile found for Clown Shoes
56    |Info:    [ResourceManager] Initializing HID interfaces: Success
56    |Info:    ------------------------------------------------------
56    |Info:    |               Start device detection               |
56    |Info:    ------------------------------------------------------
83    |Info:    ------------------------------------------------------
83    |Info:    |             Detecting I2C interfaces               |
83    |Info:    ------------------------------------------------------
83    |Info:    [ResourceManager] Registering I2C interface: /dev/i2c-3 Device 10DE:2486 Subsystem: 10DE:147A
83    |Info:    [ResourceManager] Registering I2C interface: /dev/i2c-1 Device 1022:790B Subsystem: 1462:7D53
83    |Info:    [ResourceManager] Registering I2C interface: /dev/i2c-6 Device 10DE:2486 Subsystem: 10DE:147A
83    |Info:    [ResourceManager] Registering I2C interface: /dev/i2c-4 Device 10DE:2486 Subsystem: 10DE:147A
83    |Info:    [ResourceManager] Registering I2C interface: /dev/i2c-2 Device 1022:790B Subsystem: 1462:7D53
83    |Info:    [ResourceManager] Registering I2C interface: /dev/i2c-0 Device 1022:790B Subsystem: 1462:7D53
84    |Info:    [ResourceManager] Registering I2C interface: /dev/i2c-7 Device 10DE:2486 Subsystem: 10DE:147A
84    |Info:    [ResourceManager] Registering I2C interface: /dev/i2c-5 Device 10DE:2486 Subsystem: 10DE:147A
84    |Info:    ------------------------------------------------------
84    |Info:    |               Detecting I2C devices                |
84    |Info:    ------------------------------------------------------
382   |Info:    [ENE DRAM] Registering RGB controller
560   |Info:    [ENE DRAM] Registering RGB controller
1409  |Info:    ------------------------------------------------------
1409  |Info:    |            Detecting I2C DIMM modules              |
1409  |Info:    ------------------------------------------------------
2279  |Info:    [ResourceManager] Detected occupied slot 3, bus 5, type DDR4
3562  |Info:    [ResourceManager] Detected occupied slot 4, bus 5, type DDR4
4593  |Info:    ------------------------------------------------------
4593  |Info:    |               Detecting I2C PCI devices            |
4593  |Info:    ------------------------------------------------------
4595  |Info:    ------------------------------------------------------
4595  |Info:    |               Detecting HID devices                |
4595  |Info:    ------------------------------------------------------
4647  |Info:    [Logitech G915 Wireless RGB Mechanical Gaming Keyboard] Registering RGB controller
4716  |Info:    [MSI MPG X570S EDGE MAX WIFI (MS-7D53)] Registering RGB controller
4716  |Info:    ------------------------------------------------------
4716  |Info:    |            Detecting libusb HID devices            |
4716  |Info:    ------------------------------------------------------
4790  |Info:    ------------------------------------------------------
4790  |Info:    |              Detecting other devices               |
4790  |Info:    ------------------------------------------------------
4831  |Info:    [ResourceManager] Calling Post-detection callbacks
4831  |Info:    ------------------------------------------------------
4831  |Info:    |                Detection completed                 |
4831  |Info:    ------------------------------------------------------
