    OpenRGB v0.9+ (1.0rc2)
    Commit:  from 
    Launched: 20251129_085942
====================================================================================================

0     |Info:    [ProfileManager] Found file: Gatorade.orp attempting to validate header
0     |Info:    [ProfileManager] Valid v5 profile found for Gatorade
0     |Info:    [ProfileManager] Found file: Clown Shoes.orp attempting to validate header
0     |Info:    [ProfileManager] Valid v4 profile found for Clown Shoes
54    |Info:    [ResourceManager] Initializing HID interfaces: Success
54    |Info:    ------------------------------------------------------
54    |Info:    |               Start device detection               |
54    |Info:    ------------------------------------------------------
78    |Info:    ------------------------------------------------------
78    |Info:    |             Detecting I2C interfaces               |
78    |Info:    ------------------------------------------------------
78    |Info:    [ResourceManager] Registering I2C interface: /dev/i2c-3 Device 10DE:2486 Subsystem: 10DE:147A
78    |Info:    [ResourceManager] Registering I2C interface: /dev/i2c-1 Device 1022:790B Subsystem: 1462:7D53
78    |Info:    [ResourceManager] Registering I2C interface: /dev/i2c-6 Device 10DE:2486 Subsystem: 10DE:147A
78    |Info:    [ResourceManager] Registering I2C interface: /dev/i2c-4 Device 10DE:2486 Subsystem: 10DE:147A
78    |Info:    [ResourceManager] Registering I2C interface: /dev/i2c-2 Device 1022:790B Subsystem: 1462:7D53
78    |Info:    [ResourceManager] Registering I2C interface: /dev/i2c-0 Device 1022:790B Subsystem: 1462:7D53
79    |Info:    [ResourceManager] Registering I2C interface: /dev/i2c-7 Device 10DE:2486 Subsystem: 10DE:147A
79    |Info:    [ResourceManager] Registering I2C interface: /dev/i2c-5 Device 10DE:2486 Subsystem: 10DE:147A
79    |Info:    ------------------------------------------------------
79    |Info:    |               Detecting I2C devices                |
79    |Info:    ------------------------------------------------------
370   |Info:    [ENE DRAM] Registering RGB controller
549   |Info:    [ENE DRAM] Registering RGB controller
1393  |Info:    ------------------------------------------------------
1393  |Info:    |            Detecting I2C DIMM modules              |
1393  |Info:    ------------------------------------------------------
2270  |Info:    [ResourceManager] Detected occupied slot 3, bus 5, type DDR4
3554  |Info:    [ResourceManager] Detected occupied slot 4, bus 5, type DDR4
4586  |Info:    ------------------------------------------------------
4586  |Info:    |               Detecting I2C PCI devices            |
4586  |Info:    ------------------------------------------------------
4588  |Info:    ------------------------------------------------------
4588  |Info:    |               Detecting HID devices                |
4588  |Info:    ------------------------------------------------------
4639  |Info:    [Logitech G915 Wireless RGB Mechanical Gaming Keyboard] Registering RGB controller
4711  |Info:    [MSI MPG X570S EDGE MAX WIFI (MS-7D53)] Registering RGB controller
4711  |Info:    ------------------------------------------------------
4711  |Info:    |            Detecting libusb HID devices            |
4711  |Info:    ------------------------------------------------------
4779  |Info:    ------------------------------------------------------
4779  |Info:    |              Detecting other devices               |
4779  |Info:    ------------------------------------------------------
4816  |Info:    [ResourceManager] Calling Post-detection callbacks
4816  |Info:    ------------------------------------------------------
4816  |Info:    |                Detection completed                 |
4816  |Info:    ------------------------------------------------------
