    OpenRGB v0.9+ (1.0rc2)
    Commit:  from 
    Launched: 20251123_215139
====================================================================================================

0     |Info:    [ProfileManager] Found file: Gatorade.orp attempting to validate header
0     |Info:    [ProfileManager] Valid v5 profile found for Gatorade
0     |Info:    [ProfileManager] Found file: Clown Shoes.orp attempting to validate header
0     |Info:    [ProfileManager] Valid v4 profile found for Clown Shoes
54    |Info:    [ResourceManager] Initializing HID interfaces: Success
55    |Info:    ------------------------------------------------------
55    |Info:    |               Start device detection               |
55    |Info:    ------------------------------------------------------
71    |Info:    ------------------------------------------------------
71    |Info:    |             Detecting I2C interfaces               |
71    |Info:    ------------------------------------------------------
72    |Info:    [ResourceManager] Registering I2C interface: /dev/i2c-3 Device 10DE:2486 Subsystem: 10DE:147A
72    |Info:    [ResourceManager] Registering I2C interface: /dev/i2c-1 Device 1022:790B Subsystem: 1462:7D53
72    |Info:    [ResourceManager] Registering I2C interface: /dev/i2c-6 Device 10DE:2486 Subsystem: 10DE:147A
72    |Info:    [ResourceManager] Registering I2C interface: /dev/i2c-4 Device 10DE:2486 Subsystem: 10DE:147A
72    |Info:    [ResourceManager] Registering I2C interface: /dev/i2c-2 Device 1022:790B Subsystem: 1462:7D53
72    |Info:    [ResourceManager] Registering I2C interface: /dev/i2c-0 Device 1022:790B Subsystem: 1462:7D53
72    |Info:    [ResourceManager] Registering I2C interface: /dev/i2c-7 Device 10DE:2486 Subsystem: 10DE:147A
72    |Info:    [ResourceManager] Registering I2C interface: /dev/i2c-5 Device 10DE:2486 Subsystem: 10DE:147A
72    |Info:    ------------------------------------------------------
72    |Info:    |               Detecting I2C devices                |
72    |Info:    ------------------------------------------------------
383   |Info:    [ENE DRAM] Registering RGB controller
580   |Info:    [ENE DRAM] Registering RGB controller
1427  |Info:    ------------------------------------------------------
1427  |Info:    |            Detecting I2C DIMM modules              |
1427  |Info:    ------------------------------------------------------
2295  |Info:    [ResourceManager] Detected occupied slot 3, bus 5, type DDR4
3579  |Info:    [ResourceManager] Detected occupied slot 4, bus 5, type DDR4
4605  |Info:    ------------------------------------------------------
4605  |Info:    |               Detecting I2C PCI devices            |
4605  |Info:    ------------------------------------------------------
4608  |Info:    ------------------------------------------------------
4608  |Info:    |               Detecting HID devices                |
4608  |Info:    ------------------------------------------------------
4659  |Info:    [Logitech G915 Wireless RGB Mechanical Gaming Keyboard] Registering RGB controller
4731  |Info:    [MSI MPG X570S EDGE MAX WIFI (MS-7D53)] Registering RGB controller
4731  |Info:    ------------------------------------------------------
4731  |Info:    |            Detecting libusb HID devices            |
4731  |Info:    ------------------------------------------------------
4798  |Info:    ------------------------------------------------------
4798  |Info:    |              Detecting other devices               |
4798  |Info:    ------------------------------------------------------
4830  |Info:    [ResourceManager] Calling Post-detection callbacks
4830  |Info:    ------------------------------------------------------
4830  |Info:    |                Detection completed                 |
4830  |Info:    ------------------------------------------------------
4830  |Info:    [ProfileManager] Profile loading: Succeeded for ENE DRAM @ I2C: /dev/i2c-0, address 0x72
4830  |Info:    [ProfileManager] Profile loading: Succeeded for ENE DRAM @ I2C: /dev/i2c-0, address 0x73
4830  |Info:    [ProfileManager] Profile loading: Succeeded for Logitech G915 Wireless RGB Mechanical Gaming Keyboard @ 
4830  |Info:    [ProfileManager] Profile loading: Succeeded for MSI MPG X570S EDGE MAX WIFI (MS-7D53) @ HID: /dev/hidraw0
41871 |Info:    [ProfileManager] Profile loading: Succeeded for ENE DRAM @ I2C: /dev/i2c-0, address 0x72
41871 |Info:    [ProfileManager] Profile loading: Succeeded for ENE DRAM @ I2C: /dev/i2c-0, address 0x73
41871 |Info:    [ProfileManager] Profile loading: Succeeded for Logitech G915 Wireless RGB Mechanical Gaming Keyboard @ 
41871 |Info:    [ProfileManager] Profile loading: Succeeded for MSI MPG X570S EDGE MAX WIFI (MS-7D53) @ HID: /dev/hidraw0
