    OpenRGB v0.9+ (1.0rc2)
    Commit:  from 
    Launched: 20251124_200639
====================================================================================================

0     |Info:    [ProfileManager] Found file: Gatorade.orp attempting to validate header
0     |Info:    [ProfileManager] Valid v5 profile found for Gatorade
0     |Info:    [ProfileManager] Found file: Clown Shoes.orp attempting to validate header
0     |Info:    [ProfileManager] Valid v4 profile found for Clown Shoes
55    |Info:    [ResourceManager] Initializing HID interfaces: Success
55    |Info:    ------------------------------------------------------
55    |Info:    |               Start device detection               |
55    |Info:    ------------------------------------------------------
89    |Info:    ------------------------------------------------------
89    |Info:    |             Detecting I2C interfaces               |
89    |Info:    ------------------------------------------------------
89    |Info:    [ResourceManager] Registering I2C interface: /dev/i2c-3 Device 10DE:2486 Subsystem: 10DE:147A
89    |Info:    [ResourceManager] Registering I2C interface: /dev/i2c-1 Device 1022:790B Subsystem: 1462:7D53
89    |Info:    [ResourceManager] Registering I2C interface: /dev/i2c-6 Device 10DE:2486 Subsystem: 10DE:147A
89    |Info:    [ResourceManager] Registering I2C interface: /dev/i2c-4 Device 10DE:2486 Subsystem: 10DE:147A
89    |Info:    [ResourceManager] Registering I2C interface: /dev/i2c-2 Device 1022:790B Subsystem: 1462:7D53
90    |Info:    [ResourceManager] Registering I2C interface: /dev/i2c-0 Device 1022:790B Subsystem: 1462:7D53
90    |Info:    [ResourceManager] Registering I2C interface: /dev/i2c-7 Device 10DE:2486 Subsystem: 10DE:147A
90    |Info:    [ResourceManager] Registering I2C interface: /dev/i2c-5 Device 10DE:2486 Subsystem: 10DE:147A
90    |Info:    ------------------------------------------------------
90    |Info:    |               Detecting I2C devices                |
90    |Info:    ------------------------------------------------------
398   |Info:    [ENE DRAM] Registering RGB controller
589   |Info:    [ENE DRAM] Registering RGB controller
1436  |Info:    ------------------------------------------------------
1436  |Info:    |            Detecting I2C DIMM modules              |
1436  |Info:    ------------------------------------------------------
2304  |Info:    [ResourceManager] Detected occupied slot 3, bus 5, type DDR4
3587  |Info:    [ResourceManager] Detected occupied slot 4, bus 5, type DDR4
4616  |Info:    ------------------------------------------------------
4616  |Info:    |               Detecting I2C PCI devices            |
4616  |Info:    ------------------------------------------------------
4618  |Info:    ------------------------------------------------------
4618  |Info:    |               Detecting HID devices                |
4618  |Info:    ------------------------------------------------------
4670  |Info:    [Logitech G915 Wireless RGB Mechanical Gaming Keyboard] Registering RGB controller
4738  |Info:    [MSI MPG X570S EDGE MAX WIFI (MS-7D53)] Registering RGB controller
4739  |Info:    ------------------------------------------------------
4739  |Info:    |            Detecting libusb HID devices            |
4739  |Info:    ------------------------------------------------------
4812  |Info:    ------------------------------------------------------
4812  |Info:    |              Detecting other devices               |
4812  |Info:    ------------------------------------------------------
4852  |Info:    [ResourceManager] Calling Post-detection callbacks
4852  |Info:    ------------------------------------------------------
4852  |Info:    |                Detection completed                 |
4852  |Info:    ------------------------------------------------------
4853  |Info:    [ProfileManager] Profile loading: Succeeded for ENE DRAM @ I2C: /dev/i2c-0, address 0x72
4853  |Info:    [ProfileManager] Profile loading: Succeeded for ENE DRAM @ I2C: /dev/i2c-0, address 0x73
4853  |Info:    [ProfileManager] Profile loading: Succeeded for Logitech G915 Wireless RGB Mechanical Gaming Keyboard @ 
4853  |Info:    [ProfileManager] Profile loading: Succeeded for MSI MPG X570S EDGE MAX WIFI (MS-7D53) @ HID: /dev/hidraw0
7076855|Info:    [ProfileManager] Profile loading: Succeeded for ENE DRAM @ I2C: /dev/i2c-0, address 0x72
7076855|Info:    [ProfileManager] Profile loading: Succeeded for ENE DRAM @ I2C: /dev/i2c-0, address 0x73
7076855|Info:    [ProfileManager] Profile loading: Succeeded for Logitech G915 Wireless RGB Mechanical Gaming Keyboard @ 
7076855|Info:    [ProfileManager] Profile loading: Succeeded for MSI MPG X570S EDGE MAX WIFI (MS-7D53) @ HID: /dev/hidraw0
